<?xml version="1.0" encoding="UTF-8"?>
<robot generator="Robot 6.1 (Python 3.11.3 on win32)" generated="20231215 13:29:00.061" rpa="false" schemaversion="4">
<suite id="s1" name="TestOtomasyonWorkshop" source="C:\Users\beyza\PycharmProjects\TestOtomasyonWorkshop">
<suite id="s1-s1" name="Test" source="C:\Users\beyza\PycharmProjects\TestOtomasyonWorkshop\Test">
<suite id="s1-s1-s1" name="LoginTest" source="C:\Users\beyza\PycharmProjects\TestOtomasyonWorkshop\Test\LoginTest.robot">
<test id="s1-s1-s1-t1" name="Workshop Test1" line="8">
<kw name="Open Page" library="GeneralKeywords" type="SETUP">
<arg>${page_url}</arg>
<arg>${browser}</arg>
<doc>Belirtilen browserda linki verilen sayfanın açılmasını sağlar.</doc>
<kw name="Open Browser" library="SeleniumLibrary">
<arg>${page_url}</arg>
<arg>${browser}</arg>
<arg>options=add_experimental_option("detach", True)</arg>
<doc>Opens a new browser instance to the optional ``url``.</doc>
<msg timestamp="20231215 13:29:00.212" level="INFO">Opening browser 'chrome' to base url 'https://www.petzzshop.com/'.</msg>
<status status="PASS" starttime="20231215 13:29:00.212" endtime="20231215 13:29:04.415"/>
</kw>
<kw name="Maximize Browser Window" library="SeleniumLibrary">
<doc>Maximizes current browser window.</doc>
<status status="PASS" starttime="20231215 13:29:04.415" endtime="20231215 13:29:04.562"/>
</kw>
<status status="PASS" starttime="20231215 13:29:00.211" endtime="20231215 13:29:04.562"/>
</kw>
<kw name="Butona Varsa Tıkla" library="GeneralKeywords">
<arg>${daha_sonra_button}</arg>
<kw name="Run Keyword And Return Status" library="BuiltIn">
<var>${passed}</var>
<arg>Wait Until Page Contains Element</arg>
<arg>${expected_button}</arg>
<doc>Runs the given keyword with given arguments and returns the status as a Boolean value.</doc>
<kw name="Wait Until Page Contains Element" library="SeleniumLibrary">
<arg>${expected_button}</arg>
<doc>Waits until the element ``locator`` appears on the current page.</doc>
<status status="PASS" starttime="20231215 13:29:04.566" endtime="20231215 13:29:04.945"/>
</kw>
<msg timestamp="20231215 13:29:04.945" level="INFO">${passed} = True</msg>
<status status="PASS" starttime="20231215 13:29:04.565" endtime="20231215 13:29:04.945"/>
</kw>
<kw name="Run Keyword If" library="BuiltIn">
<arg>'${passed}' == 'True'</arg>
<arg>Click Element</arg>
<arg>${expected_button}</arg>
<doc>Runs the given keyword with the given arguments, if ``condition`` is true.</doc>
<kw name="Click Element" library="SeleniumLibrary">
<arg>${expected_button}</arg>
<doc>Click the element identified by ``locator``.</doc>
<msg timestamp="20231215 13:29:04.946" level="INFO">Clicking element '//*[@id="setrow-push-popup-cancel-button"]'.</msg>
<status status="PASS" starttime="20231215 13:29:04.945" endtime="20231215 13:29:05.020"/>
</kw>
<status status="PASS" starttime="20231215 13:29:04.945" endtime="20231215 13:29:05.020"/>
</kw>
<status status="PASS" starttime="20231215 13:29:04.564" endtime="20231215 13:29:05.020"/>
</kw>
<kw name="Sleep" library="BuiltIn">
<arg>2s</arg>
<doc>Pauses the test executed for the given time.</doc>
<msg timestamp="20231215 13:29:07.021" level="INFO">Slept 2 seconds</msg>
<status status="PASS" starttime="20231215 13:29:05.020" endtime="20231215 13:29:07.021"/>
</kw>
<kw name="Tıkla" library="GeneralKeywords">
<arg>${uye_girisi_button}</arg>
<kw name="Wait Until Element Is Visible" library="SeleniumLibrary">
<arg>${element}</arg>
<doc>Waits until the element ``locator`` is visible.</doc>
<status status="PASS" starttime="20231215 13:29:07.022" endtime="20231215 13:29:07.064"/>
</kw>
<kw name="Click Element" library="SeleniumLibrary">
<arg>${element}</arg>
<doc>Click the element identified by ``locator``.</doc>
<msg timestamp="20231215 13:29:07.064" level="INFO">Clicking element '//*[@id="divMemberWelcomeContent"]'.</msg>
<status status="PASS" starttime="20231215 13:29:07.064" endtime="20231215 13:29:07.131"/>
</kw>
<status status="PASS" starttime="20231215 13:29:07.022" endtime="20231215 13:29:07.131"/>
</kw>
<kw name="Metin Bul" library="GeneralKeywords">
<arg>${uye_girisi_tittle}</arg>
<kw name="Wait Until Page Contains Element" library="SeleniumLibrary">
<arg>${expected_validation_text}</arg>
<doc>Waits until the element ``locator`` appears on the current page.</doc>
<status status="PASS" starttime="20231215 13:29:07.134" endtime="20231215 13:29:07.770"/>
</kw>
<status status="PASS" starttime="20231215 13:29:07.133" endtime="20231215 13:29:07.770"/>
</kw>
<kw name="Metin Gir" library="GeneralKeywords">
<arg>${e_mail_textbox}</arg>
<arg>${e_mail}</arg>
<kw name="Wait Until Element Is Visible" library="SeleniumLibrary">
<arg>${element}</arg>
<doc>Waits until the element ``locator`` is visible.</doc>
<status status="PASS" starttime="20231215 13:29:07.771" endtime="20231215 13:29:07.816"/>
</kw>
<kw name="Capture Page Screenshot" library="SeleniumLibrary">
<doc>Takes a screenshot of the current page and embeds it into a log file.</doc>
<msg timestamp="20231215 13:29:08.005" level="INFO" html="true">&lt;/td&gt;&lt;/tr&gt;&lt;tr&gt;&lt;td colspan="3"&gt;&lt;a href="selenium-screenshot-8.png"&gt;&lt;img src="selenium-screenshot-8.png" width="800px"&gt;&lt;/a&gt;</msg>
<status status="PASS" starttime="20231215 13:29:07.816" endtime="20231215 13:29:08.005"/>
</kw>
<kw name="Input Text" library="SeleniumLibrary">
<arg>${element}</arg>
<arg>${text}</arg>
<doc>Types the given ``text`` into the text field identified by ``locator``.</doc>
<msg timestamp="20231215 13:29:08.005" level="INFO">Typing text 'test@otomasyon.tr' into text field '//*[@id="txtUyeGirisEmail"]'.</msg>
<status status="PASS" starttime="20231215 13:29:08.005" endtime="20231215 13:29:08.104"/>
</kw>
<status status="PASS" starttime="20231215 13:29:07.770" endtime="20231215 13:29:08.104"/>
</kw>
<kw name="Sleep" library="BuiltIn">
<arg>2s</arg>
<doc>Pauses the test executed for the given time.</doc>
<msg timestamp="20231215 13:29:10.112" level="INFO">Slept 2 seconds</msg>
<status status="PASS" starttime="20231215 13:29:08.108" endtime="20231215 13:29:10.112"/>
</kw>
<kw name="Metin Gir" library="GeneralKeywords">
<arg>${sifre_textbox}</arg>
<arg>${sifre}</arg>
<kw name="Wait Until Element Is Visible" library="SeleniumLibrary">
<arg>${element}</arg>
<doc>Waits until the element ``locator`` is visible.</doc>
<status status="PASS" starttime="20231215 13:29:10.239" endtime="20231215 13:29:10.545"/>
</kw>
<kw name="Capture Page Screenshot" library="SeleniumLibrary">
<doc>Takes a screenshot of the current page and embeds it into a log file.</doc>
<msg timestamp="20231215 13:29:10.802" level="INFO" html="true">&lt;/td&gt;&lt;/tr&gt;&lt;tr&gt;&lt;td colspan="3"&gt;&lt;a href="selenium-screenshot-9.png"&gt;&lt;img src="selenium-screenshot-9.png" width="800px"&gt;&lt;/a&gt;</msg>
<status status="PASS" starttime="20231215 13:29:10.545" endtime="20231215 13:29:10.802"/>
</kw>
<kw name="Input Text" library="SeleniumLibrary">
<arg>${element}</arg>
<arg>${text}</arg>
<doc>Types the given ``text`` into the text field identified by ``locator``.</doc>
<msg timestamp="20231215 13:29:10.803" level="INFO">Typing text '123456' into text field '//*[@id="txtUyeGirisPassword"]'.</msg>
<status status="PASS" starttime="20231215 13:29:10.802" endtime="20231215 13:29:11.001"/>
</kw>
<status status="PASS" starttime="20231215 13:29:10.239" endtime="20231215 13:29:11.001"/>
</kw>
<kw name="Tıkla" library="GeneralKeywords">
<arg>${giris_yap_button}</arg>
<kw name="Wait Until Element Is Visible" library="SeleniumLibrary">
<arg>${element}</arg>
<doc>Waits until the element ``locator`` is visible.</doc>
<status status="PASS" starttime="20231215 13:29:11.002" endtime="20231215 13:29:11.033"/>
</kw>
<kw name="Click Element" library="SeleniumLibrary">
<arg>${element}</arg>
<doc>Click the element identified by ``locator``.</doc>
<msg timestamp="20231215 13:29:11.034" level="INFO">Clicking element '//*[text()="Giriş Yap"]'.</msg>
<status status="PASS" starttime="20231215 13:29:11.033" endtime="20231215 13:29:11.129"/>
</kw>
<status status="PASS" starttime="20231215 13:29:11.002" endtime="20231215 13:29:11.129"/>
</kw>
<kw name="Sleep" library="BuiltIn">
<arg>2s</arg>
<doc>Pauses the test executed for the given time.</doc>
<msg timestamp="20231215 13:29:13.140" level="INFO">Slept 2 seconds</msg>
<status status="PASS" starttime="20231215 13:29:11.133" endtime="20231215 13:29:13.140"/>
</kw>
<kw name="Metin Bul" library="GeneralKeywords">
<arg>${hesabım_button}</arg>
<kw name="Wait Until Page Contains Element" library="SeleniumLibrary">
<arg>${expected_validation_text}</arg>
<doc>Waits until the element ``locator`` appears on the current page.</doc>
<status status="PASS" starttime="20231215 13:29:13.144" endtime="20231215 13:29:13.611"/>
</kw>
<status status="PASS" starttime="20231215 13:29:13.144" endtime="20231215 13:29:13.611"/>
</kw>
<kw name="Tıkla" library="GeneralKeywords">
<arg>${hesabım_button}</arg>
<kw name="Wait Until Element Is Visible" library="SeleniumLibrary">
<arg>${element}</arg>
<doc>Waits until the element ``locator`` is visible.</doc>
<status status="PASS" starttime="20231215 13:29:13.613" endtime="20231215 13:29:13.639"/>
</kw>
<kw name="Click Element" library="SeleniumLibrary">
<arg>${element}</arg>
<doc>Click the element identified by ``locator``.</doc>
<msg timestamp="20231215 13:29:13.646" level="INFO">Clicking element '//*[@class="headerHesabim"]'.</msg>
<status status="PASS" starttime="20231215 13:29:13.639" endtime="20231215 13:29:15.616"/>
</kw>
<status status="PASS" starttime="20231215 13:29:13.613" endtime="20231215 13:29:15.616"/>
</kw>
<kw name="Sleep" library="BuiltIn">
<arg>2s</arg>
<doc>Pauses the test executed for the given time.</doc>
<msg timestamp="20231215 13:29:17.618" level="INFO">Slept 2 seconds</msg>
<status status="PASS" starttime="20231215 13:29:15.616" endtime="20231215 13:29:17.618"/>
</kw>
<kw name="Metin Bul" library="GeneralKeywords">
<arg>${merhaba_hesabım_text}</arg>
<kw name="Wait Until Page Contains Element" library="SeleniumLibrary">
<arg>${expected_validation_text}</arg>
<doc>Waits until the element ``locator`` appears on the current page.</doc>
<status status="PASS" starttime="20231215 13:29:17.620" endtime="20231215 13:29:17.651"/>
</kw>
<status status="PASS" starttime="20231215 13:29:17.620" endtime="20231215 13:29:17.651"/>
</kw>
<kw name="Run Keyword And Return Status" library="BuiltIn">
<var>${status}</var>
<arg>Element Should Contain</arg>
<arg>${merhaba_hesabım_text}</arg>
<arg>MERHABA test otomasyon</arg>
<doc>Runs the given keyword with given arguments and returns the status as a Boolean value.</doc>
<kw name="Element Should Contain" library="SeleniumLibrary">
<arg>${merhaba_hesabım_text}</arg>
<arg>MERHABA test otomasyon</arg>
<doc>Verifies that element ``locator`` contains text ``expected``.</doc>
<msg timestamp="20231215 13:29:17.693" level="INFO">Element '//*[@class="hesabimAnasayfaBaslik"]//h2' contains text 'MERHABA test otomasyon'.</msg>
<status status="PASS" starttime="20231215 13:29:17.651" endtime="20231215 13:29:17.693"/>
</kw>
<msg timestamp="20231215 13:29:17.693" level="INFO">${status} = True</msg>
<status status="PASS" starttime="20231215 13:29:17.651" endtime="20231215 13:29:17.693"/>
</kw>
<kw name="Run Keyword If" library="BuiltIn">
<arg>'${status}'=='True'</arg>
<arg>Log</arg>
<arg>Giriş Başarılı</arg>
<arg>ELSE</arg>
<arg>Fail</arg>
<arg>Giriş Başarısız!</arg>
<doc>Runs the given keyword with the given arguments, if ``condition`` is true.</doc>
<kw name="Log" library="BuiltIn">
<arg>Giriş Başarılı</arg>
<doc>Logs the given message with the given level.</doc>
<msg timestamp="20231215 13:29:17.694" level="INFO">Giriş Başarılı</msg>
<status status="PASS" starttime="20231215 13:29:17.694" endtime="20231215 13:29:17.694"/>
</kw>
<status status="PASS" starttime="20231215 13:29:17.693" endtime="20231215 13:29:17.694"/>
</kw>
<kw name="Close Page" library="GeneralKeywords" type="TEARDOWN">
<doc>Açılan browser'ın kapanmasını sağlar.</doc>
<kw name="Close Browser" library="SeleniumLibrary">
<doc>Closes the current browser.</doc>
<status status="PASS" starttime="20231215 13:29:17.694" endtime="20231215 13:29:20.368"/>
</kw>
<status status="PASS" starttime="20231215 13:29:17.694" endtime="20231215 13:29:20.368"/>
</kw>
<status status="PASS" starttime="20231215 13:29:00.211" endtime="20231215 13:29:20.370"/>
</test>
<status status="PASS" starttime="20231215 13:29:00.083" endtime="20231215 13:29:20.372"/>
</suite>
<status status="PASS" starttime="20231215 13:29:00.082" endtime="20231215 13:29:20.377"/>
</suite>
<status status="PASS" starttime="20231215 13:29:00.063" endtime="20231215 13:29:20.379"/>
</suite>
<statistics>
<total>
<stat pass="1" fail="0" skip="0">All Tests</stat>
</total>
<tag>
</tag>
<suite>
<stat pass="1" fail="0" skip="0" id="s1" name="TestOtomasyonWorkshop">TestOtomasyonWorkshop</stat>
<stat pass="1" fail="0" skip="0" id="s1-s1" name="Test">TestOtomasyonWorkshop.Test</stat>
<stat pass="1" fail="0" skip="0" id="s1-s1-s1" name="LoginTest">TestOtomasyonWorkshop.Test.LoginTest</stat>
</suite>
</statistics>
<errors>
</errors>
</robot>
