<?xml version="1.0" encoding="UTF-8"?>
<robot generator="Robot 6.1 (Python 3.11.3 on win32)" generated="20231215 12:29:58.506" rpa="false" schemaversion="4">
<suite id="s1" name="TestOtomasyonWorkshop" source="C:\Users\beyza\PycharmProjects\TestOtomasyonWorkshop">
<suite id="s1-s1" name="Test" source="C:\Users\beyza\PycharmProjects\TestOtomasyonWorkshop\Test">
<suite id="s1-s1-s1" name="LoginTest" source="C:\Users\beyza\PycharmProjects\TestOtomasyonWorkshop\Test\LoginTest.robot">
<test id="s1-s1-s1-t1" name="Workshop Test1" line="8">
<kw name="Open Page" library="GeneralKeywords" type="SETUP">
<arg>${page_url}</arg>
<arg>${browser}</arg>
<doc>Belirtilen browserda linki verilen sayfanın açılmasını sağlar.</doc>
<kw name="Open Browser" library="SeleniumLibrary">
<arg>${page_url}</arg>
<arg>${browser}</arg>
<arg>options=add_experimental_option("detach", True)</arg>
<doc>Opens a new browser instance to the optional ``url``.</doc>
<msg timestamp="20231215 12:29:58.645" level="INFO">Opening browser 'chrome' to base url 'https://www.petzzshop.com/'.</msg>
<status status="PASS" starttime="20231215 12:29:58.645" endtime="20231215 12:30:03.729"/>
</kw>
<kw name="Maximize Browser Window" library="SeleniumLibrary">
<doc>Maximizes current browser window.</doc>
<status status="PASS" starttime="20231215 12:30:03.729" endtime="20231215 12:30:03.904"/>
</kw>
<status status="PASS" starttime="20231215 12:29:58.643" endtime="20231215 12:30:03.904"/>
</kw>
<kw name="Butona Varsa Tıkla" library="GeneralKeywords">
<arg>${daha_sonra_button}</arg>
<kw name="Run Keyword And Return Status" library="BuiltIn">
<var>${passed}</var>
<arg>Wait Until Page Contains Element</arg>
<arg>${expected_button}</arg>
<doc>Runs the given keyword with given arguments and returns the status as a Boolean value.</doc>
<kw name="Wait Until Page Contains Element" library="SeleniumLibrary">
<arg>${expected_button}</arg>
<doc>Waits until the element ``locator`` appears on the current page.</doc>
<status status="PASS" starttime="20231215 12:30:03.906" endtime="20231215 12:30:03.954"/>
</kw>
<msg timestamp="20231215 12:30:03.954" level="INFO">${passed} = True</msg>
<status status="PASS" starttime="20231215 12:30:03.905" endtime="20231215 12:30:03.954"/>
</kw>
<kw name="Run Keyword If" library="BuiltIn">
<arg>'${passed}' == 'True'</arg>
<arg>Click Element</arg>
<arg>${expected_button}</arg>
<doc>Runs the given keyword with the given arguments, if ``condition`` is true.</doc>
<kw name="Click Element" library="SeleniumLibrary">
<arg>${expected_button}</arg>
<doc>Click the element identified by ``locator``.</doc>
<msg timestamp="20231215 12:30:03.955" level="INFO">Clicking element '//*[@id="setrow-push-popup-cancel-button"]'.</msg>
<status status="PASS" starttime="20231215 12:30:03.955" endtime="20231215 12:30:04.123"/>
</kw>
<status status="PASS" starttime="20231215 12:30:03.955" endtime="20231215 12:30:04.123"/>
</kw>
<status status="PASS" starttime="20231215 12:30:03.904" endtime="20231215 12:30:04.123"/>
</kw>
<kw name="Tıkla" library="GeneralKeywords">
<arg>${uye_girisi_button}</arg>
<kw name="Wait Until Element Is Visible" library="SeleniumLibrary">
<arg>${element}</arg>
<doc>Waits until the element ``locator`` is visible.</doc>
<status status="PASS" starttime="20231215 12:30:04.127" endtime="20231215 12:30:04.238"/>
</kw>
<kw name="Click Element" library="SeleniumLibrary">
<arg>${element}</arg>
<doc>Click the element identified by ``locator``.</doc>
<msg timestamp="20231215 12:30:04.241" level="INFO">Clicking element '//*[@id="divMemberWelcomeContent"]'.</msg>
<status status="PASS" starttime="20231215 12:30:04.238" endtime="20231215 12:30:04.389"/>
</kw>
<status status="PASS" starttime="20231215 12:30:04.126" endtime="20231215 12:30:04.389"/>
</kw>
<kw name="Metin Bul" library="GeneralKeywords">
<arg>${uye_girisi_tittle}</arg>
<kw name="Wait Until Page Contains Element" library="SeleniumLibrary">
<arg>${expected_validation_text}</arg>
<doc>Waits until the element ``locator`` appears on the current page.</doc>
<status status="PASS" starttime="20231215 12:30:04.389" endtime="20231215 12:30:04.735"/>
</kw>
<status status="PASS" starttime="20231215 12:30:04.389" endtime="20231215 12:30:04.735"/>
</kw>
<kw name="Metin Gir" library="GeneralKeywords">
<arg>${e_mail_textbox}</arg>
<arg>${e_mail}</arg>
<kw name="Wait Until Element Is Visible" library="SeleniumLibrary">
<arg>${element}</arg>
<doc>Waits until the element ``locator`` is visible.</doc>
<status status="PASS" starttime="20231215 12:30:04.736" endtime="20231215 12:30:04.754"/>
</kw>
<kw name="Capture Page Screenshot" library="SeleniumLibrary">
<doc>Takes a screenshot of the current page and embeds it into a log file.</doc>
<msg timestamp="20231215 12:30:05.021" level="INFO" html="true">&lt;/td&gt;&lt;/tr&gt;&lt;tr&gt;&lt;td colspan="3"&gt;&lt;a href="selenium-screenshot-3.png"&gt;&lt;img src="selenium-screenshot-3.png" width="800px"&gt;&lt;/a&gt;</msg>
<status status="PASS" starttime="20231215 12:30:04.754" endtime="20231215 12:30:05.021"/>
</kw>
<kw name="Input Text" library="SeleniumLibrary">
<arg>${element}</arg>
<arg>${text}</arg>
<doc>Types the given ``text`` into the text field identified by ``locator``.</doc>
<msg timestamp="20231215 12:30:05.021" level="INFO">Typing text 'test@otomasyon.tr' into text field '//*[@id="txtUyeGirisEmail"]'.</msg>
<status status="PASS" starttime="20231215 12:30:05.021" endtime="20231215 12:30:05.091"/>
</kw>
<status status="PASS" starttime="20231215 12:30:04.736" endtime="20231215 12:30:05.091"/>
</kw>
<kw name="Metin Gir" library="GeneralKeywords">
<arg>${sifre_textbox}</arg>
<arg>${sifre}</arg>
<kw name="Wait Until Element Is Visible" library="SeleniumLibrary">
<arg>${element}</arg>
<doc>Waits until the element ``locator`` is visible.</doc>
<status status="PASS" starttime="20231215 12:30:05.091" endtime="20231215 12:30:05.106"/>
</kw>
<kw name="Capture Page Screenshot" library="SeleniumLibrary">
<doc>Takes a screenshot of the current page and embeds it into a log file.</doc>
<msg timestamp="20231215 12:30:05.273" level="INFO" html="true">&lt;/td&gt;&lt;/tr&gt;&lt;tr&gt;&lt;td colspan="3"&gt;&lt;a href="selenium-screenshot-4.png"&gt;&lt;img src="selenium-screenshot-4.png" width="800px"&gt;&lt;/a&gt;</msg>
<status status="PASS" starttime="20231215 12:30:05.107" endtime="20231215 12:30:05.274"/>
</kw>
<kw name="Input Text" library="SeleniumLibrary">
<arg>${element}</arg>
<arg>${text}</arg>
<doc>Types the given ``text`` into the text field identified by ``locator``.</doc>
<msg timestamp="20231215 12:30:05.274" level="INFO">Typing text '123456' into text field '//*[@id="txtUyeGirisPassword"]'.</msg>
<status status="PASS" starttime="20231215 12:30:05.274" endtime="20231215 12:30:05.340"/>
</kw>
<status status="PASS" starttime="20231215 12:30:05.091" endtime="20231215 12:30:05.340"/>
</kw>
<kw name="Tıkla" library="GeneralKeywords">
<arg>${giris_yap_button}</arg>
<kw name="Wait Until Element Is Visible" library="SeleniumLibrary">
<arg>${element}</arg>
<doc>Waits until the element ``locator`` is visible.</doc>
<status status="PASS" starttime="20231215 12:30:05.341" endtime="20231215 12:30:05.358"/>
</kw>
<kw name="Click Element" library="SeleniumLibrary">
<arg>${element}</arg>
<doc>Click the element identified by ``locator``.</doc>
<msg timestamp="20231215 12:30:05.358" level="INFO">Clicking element '//*[text()="Giriş Yap"]'.</msg>
<status status="PASS" starttime="20231215 12:30:05.358" endtime="20231215 12:30:05.403"/>
</kw>
<status status="PASS" starttime="20231215 12:30:05.340" endtime="20231215 12:30:05.403"/>
</kw>
<kw name="Metin Bul" library="GeneralKeywords">
<arg>${hesabım_button}</arg>
<kw name="Wait Until Page Contains Element" library="SeleniumLibrary">
<arg>${expected_validation_text}</arg>
<doc>Waits until the element ``locator`` appears on the current page.</doc>
<status status="PASS" starttime="20231215 12:30:05.406" endtime="20231215 12:30:09.702"/>
</kw>
<status status="PASS" starttime="20231215 12:30:05.405" endtime="20231215 12:30:09.702"/>
</kw>
<kw name="Tıkla" library="GeneralKeywords">
<arg>${hesabım_button}</arg>
<kw name="Wait Until Element Is Visible" library="SeleniumLibrary">
<arg>${element}</arg>
<doc>Waits until the element ``locator`` is visible.</doc>
<status status="PASS" starttime="20231215 12:30:09.703" endtime="20231215 12:30:09.728"/>
</kw>
<kw name="Click Element" library="SeleniumLibrary">
<arg>${element}</arg>
<doc>Click the element identified by ``locator``.</doc>
<msg timestamp="20231215 12:30:09.728" level="INFO">Clicking element '//*[@class="headerHesabim"]'.</msg>
<status status="PASS" starttime="20231215 12:30:09.728" endtime="20231215 12:30:11.278"/>
</kw>
<status status="PASS" starttime="20231215 12:30:09.703" endtime="20231215 12:30:11.278"/>
</kw>
<kw name="Metin Bul" library="GeneralKeywords">
<arg>${merhaba_hesabım_text}</arg>
<kw name="Wait Until Page Contains Element" library="SeleniumLibrary">
<arg>${expected_validation_text}</arg>
<doc>Waits until the element ``locator`` appears on the current page.</doc>
<status status="PASS" starttime="20231215 12:30:11.279" endtime="20231215 12:30:11.293"/>
</kw>
<status status="PASS" starttime="20231215 12:30:11.279" endtime="20231215 12:30:11.293"/>
</kw>
<kw name="Run Keyword And Return Status" library="BuiltIn">
<var>${status}</var>
<arg>Element Should Contain</arg>
<arg>${merhaba_hesabım_text}</arg>
<arg>MERHABA test otomasyon</arg>
<doc>Runs the given keyword with given arguments and returns the status as a Boolean value.</doc>
<kw name="Element Should Contain" library="SeleniumLibrary">
<arg>${merhaba_hesabım_text}</arg>
<arg>MERHABA test otomasyon</arg>
<doc>Verifies that element ``locator`` contains text ``expected``.</doc>
<msg timestamp="20231215 12:30:11.324" level="INFO">Element '//*[@class="hesabimAnasayfaBaslik"]//h2' contains text 'MERHABA test otomasyon'.</msg>
<status status="PASS" starttime="20231215 12:30:11.293" endtime="20231215 12:30:11.324"/>
</kw>
<msg timestamp="20231215 12:30:11.324" level="INFO">${status} = True</msg>
<status status="PASS" starttime="20231215 12:30:11.293" endtime="20231215 12:30:11.324"/>
</kw>
<kw name="Run Keyword If" library="BuiltIn">
<arg>'${status}'=='True'</arg>
<arg>Log</arg>
<arg>Giriş Başarılı</arg>
<arg>ELSE</arg>
<arg>Fail</arg>
<arg>Giriş Başarısız!</arg>
<doc>Runs the given keyword with the given arguments, if ``condition`` is true.</doc>
<kw name="Log" library="BuiltIn">
<arg>Giriş Başarılı</arg>
<doc>Logs the given message with the given level.</doc>
<msg timestamp="20231215 12:30:11.325" level="INFO">Giriş Başarılı</msg>
<status status="PASS" starttime="20231215 12:30:11.325" endtime="20231215 12:30:11.325"/>
</kw>
<status status="PASS" starttime="20231215 12:30:11.324" endtime="20231215 12:30:11.325"/>
</kw>
<kw name="Close Page" library="GeneralKeywords" type="TEARDOWN">
<doc>Açılan browser'ın kapanmasını sağlar.</doc>
<kw name="Close Browser" library="SeleniumLibrary">
<doc>Closes the current browser.</doc>
<status status="PASS" starttime="20231215 12:30:11.326" endtime="20231215 12:30:13.511"/>
</kw>
<status status="PASS" starttime="20231215 12:30:11.325" endtime="20231215 12:30:13.511"/>
</kw>
<status status="PASS" starttime="20231215 12:29:58.643" endtime="20231215 12:30:13.511"/>
</test>
<status status="PASS" starttime="20231215 12:29:58.522" endtime="20231215 12:30:13.514"/>
</suite>
<status status="PASS" starttime="20231215 12:29:58.521" endtime="20231215 12:30:13.516"/>
</suite>
<status status="PASS" starttime="20231215 12:29:58.506" endtime="20231215 12:30:13.520"/>
</suite>
<statistics>
<total>
<stat pass="1" fail="0" skip="0">All Tests</stat>
</total>
<tag>
</tag>
<suite>
<stat pass="1" fail="0" skip="0" id="s1" name="TestOtomasyonWorkshop">TestOtomasyonWorkshop</stat>
<stat pass="1" fail="0" skip="0" id="s1-s1" name="Test">TestOtomasyonWorkshop.Test</stat>
<stat pass="1" fail="0" skip="0" id="s1-s1-s1" name="LoginTest">TestOtomasyonWorkshop.Test.LoginTest</stat>
</suite>
</statistics>
<errors>
</errors>
</robot>
